<assembly xmlns="http://maven.apache.org/plugins/maven-assembly-plugin/assembly/1.1.0"
          xmlns:xsi="http://www.w3.org/2001/XMLSchema-instance"
          xsi:schemaLocation="http://maven.apache.org/plugins/maven-assembly-plugin/assembly/1.1.0 http://maven.apache.org/xsd/assembly-1.1.0.xsd">
    <id>test-plugin-a</id>
    <formats>
        <format>jar</format>
    </formats>
    <includeBaseDirectory>false</includeBaseDirectory>

    <fileSets>
        <fileSet>
            <directory>${project.build.testOutputDirectory}</directory>
            <outputDirectory>/</outputDirectory>
            <!-- the service impl -->
            <includes>
                <include>com/hw/lineage/loader/service/impl/plugina/TestServiceA.class</include>
                <include>com/hw/lineage/loader/service/impl/plugina/DynamicClassA.class</include>
            </includes>
        </fileSet>
        <fileSet>
            <!-- declaring the service impl -->
            <directory>${project.basedir}/src/test/resources/plugin-a</directory>
            <outputDirectory>/META-INF/services</outputDirectory>
        </fileSet>
    </fileSets>
</assembly>
