<assembly xmlns="http://maven.apache.org/plugins/maven-assembly-plugin/assembly/1.1.0"
          xmlns:xsi="http://www.w3.org/2001/XMLSchema-instance"
          xsi:schemaLocation="http://maven.apache.org/plugins/maven-assembly-plugin/assembly/1.1.0 http://maven.apache.org/xsd/assembly-1.1.0.xsd">
    <id>test-function-b</id>
    <formats>
        <format>jar</format>
    </formats>
    <includeBaseDirectory>false</includeBaseDirectory>

    <fileSets>
        <fileSet>
            <directory>${project.build.testOutputDirectory}</directory>
            <outputDirectory>/</outputDirectory>
            <includes>
                <include>com/lineage/flink/table/udf/functionb/FlinkPrefixFunction.class</include>
                <include>com/lineage/flink/table/udf/functionb/FlinkSplitFunction.class</include>
            </includes>
        </fileSet>
    </fileSets>
</assembly>
